<?xml version="1.0" encoding="UTF-8"?>
<!-- Generated by org.testng.reporters.JUnitReportReporter -->
<testsuite hostname="GS-2657" failures="0" tests="3" name="com.restasssured.RestAssured.XmlValidation" time="2.718" errors="0" timestamp="2019-12-27T11:55:42 IST" skipped="0">
  <testcase classname="com.restasssured.RestAssured.XmlValidation" name="testsingleresponseinxml" time="1.750"/>
  <testcase classname="com.restasssured.RestAssured.XmlValidation" name="testmultiplecontentinxml" time="0.470"/>
  <testcase classname="com.restasssured.RestAssured.XmlValidation" name="testallcontentinxml" time="0.498"/>
</testsuite> <!-- com.restasssured.RestAssured.XmlValidation -->
