<?xml version="1.0" encoding="UTF-8"?>
<!-- Generated by org.testng.reporters.JUnitReportReporter -->
<testsuite hostname="GS-2657" failures="0" tests="2" name="com.restasssured.RestAssured.TC05_DEmo_JSONValidation" time="3.161" errors="0" timestamp="2019-12-20T14:51:27 IST" skipped="0">
  <testcase classname="com.restasssured.RestAssured.TC05_DEmo_JSONValidation" name="teststatuscode" time="2.486"/>
  <testcase classname="com.restasssured.RestAssured.TC05_DEmo_JSONValidation" name="testLogging" time="0.675"/>
</testsuite> <!-- com.restasssured.RestAssured.TC05_DEmo_JSONValidation -->
