<?xml version="1.0" encoding="UTF-8"?>
<!-- Generated by org.testng.reporters.JUnitReportReporter -->
<testsuite hostname="GS-2657" failures="0" tests="3" name="com.restasssured.RestAssured.Validdation" time="2.637" errors="0" timestamp="2019-12-27T11:29:10 IST" skipped="0">
  <testcase classname="com.restasssured.RestAssured.Validdation" name="teststatuscode" time="1.401"/>
  <testcase classname="com.restasssured.RestAssured.Validdation" name="verifysinglecontent" time="0.477"/>
  <testcase classname="com.restasssured.RestAssured.Validdation" name="testparamandheaders" time="0.759"/>
</testsuite> <!-- com.restasssured.RestAssured.Validdation -->
