<?xml version="1.0" encoding="UTF-8"?>
<!-- Generated by org.testng.reporters.JUnitReportReporter -->
<testsuite hostname="GS-2657" failures="0" tests="1" name="com.restasssured.RestAssured.GET" time="2.023" errors="0" timestamp="2019-12-25T11:55:53 IST" skipped="0">
  <testcase classname="com.restasssured.RestAssured.GET" name="getRequest" time="2.023"/>
</testsuite> <!-- com.restasssured.RestAssured.GET -->
