<?xml version="1.0" encoding="UTF-8"?>
<!-- Generated by org.testng.reporters.JUnitReportReporter -->
<testsuite hostname="GS-2657" failures="0" tests="1" name="com.restasssured.RestAssured.TC03_Put_Request" time="2.533" errors="0" timestamp="2019-12-19T17:51:35 IST" skipped="0">
  <testcase classname="com.restasssured.RestAssured.TC03_Put_Request" name="testPUT" time="2.533"/>
</testsuite> <!-- com.restasssured.RestAssured.TC03_Put_Request -->
