<?xml version="1.0" encoding="UTF-8"?>
<!-- Generated by org.testng.reporters.JUnitReportReporter -->
<testsuite hostname="GS-2657" failures="0" tests="1" name="com.restasssured.RestAssured.Delete" time="2.303" errors="0" timestamp="2019-12-26T15:02:53 IST" skipped="0">
  <testcase classname="com.restasssured.RestAssured.Delete" name="delete" time="2.303"/>
</testsuite> <!-- com.restasssured.RestAssured.Delete -->
