<?xml version="1.0" encoding="UTF-8"?>
<!-- Generated by org.testng.reporters.JUnitReportReporter -->
<testsuite hostname="GS-2657" failures="0" tests="1" name="com.restasssured.RestAssured.TC01_GetRequest" time="2.345" errors="0" timestamp="2019-12-18T22:00:13 IST" skipped="0">
  <testcase classname="com.restasssured.RestAssured.TC01_GetRequest" name="getWeatherdetails" time="2.345"/>
</testsuite> <!-- com.restasssured.RestAssured.TC01_GetRequest -->
